2025-08-20 14:39:10,025 - data_fix - ERROR - AkShare返回数据缺少必要列
2025-08-20 14:39:10,025 - data_fix - ERROR - AkShare获取ETF列表失败: 数据格式不匹配
2025-08-20 14:39:14,530 - data_fix - ERROR - 聚宽获取ETF列表失败: 'code'
2025-08-20 14:39:14,530 - data_fix - ERROR - 所有数据源均无法获取ETF列表，使用默认ETF列表
2025-08-20 14:39:14,530 - data_fix - ERROR - 更新爬取状态失败: [Errno 2] No such file or directory: '/home/runner/work/etf-strategy/etf-strategy/data/raw/crawl_status.json'
2025-08-20 14:39:51,351 - data_fix - ERROR - AkShare返回空数据 sh.512888
2025-08-20 14:39:51,676 - data_fix - ERROR - Baostock查询失败: 股票代码应为9位，请检查。格式示例：sh.600000。
2025-08-20 14:39:54,134 - data_fix - ERROR - 聚宽获取数据失败 sh.512888: 您的账号权限仅能获取2024-05-12至2025-05-19的数据，请调整时间参数后重试。如需更长时间的数据范围，可联系运营咨询采购
2025-08-20 15:21:04,653 - data_fix - ERROR - AkShare获取ETF列表失败: HTTPSConnectionPool(host='88.push2.eastmoney.com', port=443): Max retries exceeded with url: /api/qt/clist/get?pn=2&pz=100&po=1&np=1&ut=bd1d9ddb04089700cf9c27f6f7426281&fltt=2&invt=2&wbp2u=%7C0%7C0%7C0%7Cweb&fid=f12&fs=b%3AMK0021%2Cb%3AMK0022%2Cb%3AMK0023%2Cb%3AMK0024%2Cb%3AMK0827&fields=f1%2Cf2%2Cf3%2Cf4%2Cf5%2Cf6%2Cf7%2Cf8%2Cf9%2Cf10%2Cf12%2Cf13%2Cf14%2Cf15%2Cf16%2Cf17%2Cf18%2Cf20%2Cf21%2Cf23%2Cf24%2Cf25%2Cf22%2Cf11%2Cf30%2Cf31%2Cf32%2Cf33%2Cf34%2Cf35%2Cf38%2Cf62%2Cf63%2Cf64%2Cf65%2Cf66%2Cf69%2Cf72%2Cf75%2Cf78%2Cf81%2Cf84%2Cf87%2Cf115%2Cf124%2Cf128%2Cf136%2Cf152%2Cf184%2Cf297%2Cf402%2Cf441 (Caused by NewConnectionError('<urllib3.connection.HTTPSConnection object at 0x7fa242bc2800>: Failed to establish a new connection: [Errno 101] Network is unreachable'))
2025-08-20 15:21:13,300 - data_fix - ERROR - 聚宽获取ETF列表失败: 'code'
2025-08-20 15:21:13,300 - data_fix - ERROR - 所有数据源均无法获取ETF列表，使用默认ETF列表
2025-08-20 15:21:33,634 - data_fix - ERROR - AkShare爬取错误 sh.512888: HTTPSConnectionPool(host='88.push2.eastmoney.com', port=443): Max retries exceeded with url: /api/qt/clist/get?pn=2&pz=100&po=1&np=1&ut=bd1d9ddb04089700cf9c27f6f7426281&fltt=2&invt=2&wbp2u=%7C0%7C0%7C0%7Cweb&fid=f3&fs=b%3AMK0021%2Cb%3AMK0022%2Cb%3AMK0023%2Cb%3AMK0024&fields=f3%2Cf12%2Cf13 (Caused by NewConnectionError('<urllib3.connection.HTTPSConnection object at 0x7fa242bc4850>: Failed to establish a new connection: [Errno 101] Network is unreachable'))
2025-08-20 15:21:33,968 - data_fix - ERROR - Baostock查询失败: 股票代码应为9位，请检查。格式示例：sh.600000。
2025-08-20 15:21:44,506 - data_fix - ERROR - 聚宽获取数据失败 sh.512888: 您的账号权限仅能获取2024-05-12至2025-05-19的数据，请调整时间参数后重试。如需更长时间的数据范围，可联系运营咨询采购
2025-08-20 15:42:03,591 - data_fix - ERROR - AkShare返回数据缺少必要列
2025-08-20 15:42:03,592 - data_fix - ERROR - AkShare获取ETF列表失败: 数据格式不匹配
2025-08-20 15:42:12,187 - data_fix - ERROR - 聚宽获取ETF列表失败: 'code'
2025-08-20 15:42:12,187 - data_fix - ERROR - 所有数据源均无法获取ETF列表，使用默认ETF列表
2025-08-20 15:42:53,450 - data_fix - ERROR - AkShare返回空数据 sh.512888
2025-08-20 15:42:53,941 - data_fix - ERROR - Baostock查询失败: 股票代码应为9位，请检查。格式示例：sh.600000。
2025-08-20 15:42:59,021 - data_fix - ERROR - 聚宽获取数据失败 sh.512888: 您的账号权限仅能获取2024-05-12至2025-05-19的数据，请调整时间参数后重试。如需更长时间的数据范围，可联系运营咨询采购
