2025-08-23 03:30:35,438 - data_fix - ERROR - 【数据错误】新浪财经获取2025-08-23新股信息失败: list indices must be integers or slices, not str
2025-08-23 04:26:47,530 - data_fix - ERROR - 正常模式: AkShare获取新股信息失败: Response ended prematurely
2025-08-23 04:26:48,059 - data_fix - ERROR - 正常模式: Baostock获取新股信息失败: module 'baostock' has no attribute 'query_stock_new'
2025-08-23 05:27:39,542 - data_fix - ERROR - 正常模式: AkShare获取新股信息失败: stock_xgsglb_em() got an unexpected keyword argument 'timeout'
2025-08-23 05:27:40,182 - data_fix - ERROR - 正常模式: Baostock获取新股信息失败: module 'baostock' has no attribute 'query_zh_a_xgsglb'
2025-08-23 06:01:19,114 - data_fix - ERROR - 正常模式: AkShare获取新股信息失败: stock_xgsglb_em() got an unexpected keyword argument 'headers'
2025-08-23 06:01:20,295 - data_fix - ERROR - 正常模式: Baostock获取新股信息失败: module 'baostock' has no attribute 'query_stock_new'
2025-08-23 08:28:28,635 - data_fix - ERROR - 测试模式: Baostock获取新上市交易信息失败: 'list_date'
2025-08-23 09:05:05,935 - data_fix - ERROR - Baostock获取ETF列表失败: module 'baostock' has no attribute 'query_etf_basic'
2025-08-23 09:05:05,935 - data_fix - ERROR - 【数据错误】无法从所有数据源获取ETF列表
2025-08-23 09:05:07,113 - data_fix - ERROR - 【数据错误】ETF列表获取失败
2025-08-23 09:05:08,287 - __main__ - ERROR - 【数据错误】【数据错误】ETF列表获取失败
2025-08-23 10:32:53,074 - data_fix - ERROR - 【数据错误】sh.588940日线数据缺失
2025-08-23 10:32:54,081 - __main__ - ERROR - 【数据错误】【数据错误】sh.588940日线数据缺失
2025-08-23 10:38:48,142 - __main__ - ERROR - 【系统错误】未知任务类型: resume_crawl
2025-08-23 11:40:15,592 - data_fix - ERROR - 【数据错误】sh.588940日线数据缺失
2025-08-23 11:40:16,576 - __main__ - ERROR - 【数据错误】【数据错误】sh.588940日线数据缺失
2025-08-23 13:16:14,646 - __main__ - ERROR - 【系统错误】未知任务类型: resume_crawl
2025-08-23 13:36:06,717 - data_fix - ERROR - 测试模式: AkShare获取可转债信息失败: module 'akshare' has no attribute 'bond_cb_issue_em'
Traceback (most recent call last):
  File "/home/runner/work/etf-strategy/etf-strategy/data_fix.py", line 188, in get_new_stock_subscriptions
    cb_df = ak.bond_cb_issue_em()
AttributeError: module 'akshare' has no attribute 'bond_cb_issue_em'
2025-08-23 13:36:25,852 - data_fix - ERROR - 测试模式: AkShare获取可转债信息失败: module 'akshare' has no attribute 'bond_cb_issue_em'
Traceback (most recent call last):
  File "/home/runner/work/etf-strategy/etf-strategy/data_fix.py", line 188, in get_new_stock_subscriptions
    cb_df = ak.bond_cb_issue_em()
AttributeError: module 'akshare' has no attribute 'bond_cb_issue_em'
2025-08-23 13:36:49,018 - data_fix - ERROR - 测试模式: AkShare获取可转债信息失败: module 'akshare' has no attribute 'bond_cb_issue_em'
Traceback (most recent call last):
  File "/home/runner/work/etf-strategy/etf-strategy/data_fix.py", line 188, in get_new_stock_subscriptions
    cb_df = ak.bond_cb_issue_em()
AttributeError: module 'akshare' has no attribute 'bond_cb_issue_em'
2025-08-23 13:37:08,255 - data_fix - ERROR - 测试模式: AkShare获取可转债信息失败: module 'akshare' has no attribute 'bond_cb_issue_em'
Traceback (most recent call last):
  File "/home/runner/work/etf-strategy/etf-strategy/data_fix.py", line 188, in get_new_stock_subscriptions
    cb_df = ak.bond_cb_issue_em()
AttributeError: module 'akshare' has no attribute 'bond_cb_issue_em'
2025-08-23 14:14:37,036 - data_fix - ERROR - AkShare版本过旧，不支持可转债数据接口
2025-08-23 14:14:52,995 - data_fix - ERROR - AkShare版本过旧，不支持可转债数据接口
2025-08-23 14:15:10,688 - data_fix - ERROR - AkShare版本过旧，不支持可转债数据接口
2025-08-23 14:15:33,313 - data_fix - ERROR - AkShare版本过旧，不支持可转债数据接口
2025-08-23 23:35:37,015 - data_fix - ERROR - 测试模式: AkShare获取可转债信息失败: name 'akshare_version' is not defined
Traceback (most recent call last):
  File "/home/runner/work/etf-strategy/etf-strategy/data_fix.py", line 199, in get_new_stock_subscriptions
    logger.warning(f"AkShare版本 {akshare_version} 不支持 bond_cb_issue_em 接口")
NameError: name 'akshare_version' is not defined
2025-08-23 23:35:51,730 - data_fix - ERROR - 测试模式: AkShare获取可转债信息失败: name 'akshare_version' is not defined
Traceback (most recent call last):
  File "/home/runner/work/etf-strategy/etf-strategy/data_fix.py", line 199, in get_new_stock_subscriptions
    logger.warning(f"AkShare版本 {akshare_version} 不支持 bond_cb_issue_em 接口")
NameError: name 'akshare_version' is not defined
2025-08-23 23:36:37,442 - data_fix - ERROR - 测试模式: AkShare获取可转债信息失败: name 'akshare_version' is not defined
Traceback (most recent call last):
  File "/home/runner/work/etf-strategy/etf-strategy/data_fix.py", line 199, in get_new_stock_subscriptions
    logger.warning(f"AkShare版本 {akshare_version} 不支持 bond_cb_issue_em 接口")
NameError: name 'akshare_version' is not defined
2025-08-23 23:36:46,596 - data_fix - ERROR - 测试模式: AkShare获取可转债信息失败: name 'akshare_version' is not defined
Traceback (most recent call last):
  File "/home/runner/work/etf-strategy/etf-strategy/data_fix.py", line 199, in get_new_stock_subscriptions
    logger.warning(f"AkShare版本 {akshare_version} 不支持 bond_cb_issue_em 接口")
NameError: name 'akshare_version' is not defined
