2025-08-24 00:00:33,267 - data_fix - ERROR - AkShare版本过旧，不支持可转债数据接口
2025-08-24 00:00:56,931 - data_fix - ERROR - AkShare版本过旧，不支持可转债数据接口
2025-08-24 00:01:10,065 - data_fix - ERROR - AkShare版本过旧，不支持可转债数据接口
2025-08-24 00:01:21,706 - data_fix - ERROR - AkShare版本过旧，不支持可转债数据接口
2025-08-24 00:01:46,028 - data_fix - ERROR - AkShare版本过旧，不支持可转债数据接口
2025-08-24 00:20:50,708 - data_fix - ERROR - AkShare版本过旧，不支持可转债数据接口
2025-08-24 00:21:06,404 - data_fix - ERROR - AkShare版本过旧，不支持可转债数据接口
2025-08-24 00:21:18,323 - data_fix - ERROR - AkShare版本过旧，不支持可转债数据接口
2025-08-24 00:21:35,117 - data_fix - ERROR - AkShare版本过旧，不支持可转债数据接口
2025-08-24 00:22:15,411 - data_fix - ERROR - AkShare版本过旧，不支持可转债数据接口
2025-08-24 01:17:56,274 - data_fix - ERROR - AkShare版本过旧，不支持可转债数据接口
2025-08-24 01:18:11,941 - data_fix - ERROR - AkShare版本过旧，不支持可转债数据接口
2025-08-24 01:18:33,511 - data_fix - ERROR - AkShare版本过旧，不支持可转债数据接口
2025-08-24 01:19:35,069 - data_fix - ERROR - AkShare版本过旧，不支持可转债数据接口
2025-08-24 01:20:15,806 - data_fix - ERROR - AkShare版本过旧，不支持可转债数据接口
2025-08-24 01:56:39,011 - data_fix - ERROR - AkShare版本过旧，不支持可转债数据接口
2025-08-24 01:56:49,895 - data_fix - ERROR - AkShare版本过旧，不支持可转债数据接口
2025-08-24 01:57:08,167 - data_fix - ERROR - AkShare版本过旧，不支持可转债数据接口
2025-08-24 01:57:16,610 - data_fix - ERROR - AkShare版本过旧，不支持可转债数据接口
2025-08-24 01:57:24,906 - data_fix - ERROR - AkShare版本过旧，不支持可转债数据接口
2025-08-24 02:18:12,505 - data_fix - ERROR - AkShare版本过旧，不支持可转债数据接口
2025-08-24 02:18:40,637 - data_fix - ERROR - AkShare版本过旧，不支持可转债数据接口
2025-08-24 02:19:29,424 - data_fix - ERROR - AkShare版本过旧，不支持可转债数据接口
2025-08-24 02:19:50,430 - data_fix - ERROR - AkShare版本过旧，不支持可转债数据接口
2025-08-24 02:20:44,596 - data_fix - ERROR - AkShare版本过旧，不支持可转债数据接口
2025-08-24 02:39:41,342 - data_fix - ERROR - AkShare 不支持任何可转债接口
2025-08-24 02:39:42,125 - data_fix - ERROR - 测试模式: Baostock获取新股信息失败: module 'baostock' has no attribute 'query_stock_new'
Traceback (most recent call last):
  File "/home/runner/work/etf-strategy/etf-strategy/data_fix.py", line 262, in get_new_stock_subscriptions
    rs = bs.query_stock_new()
AttributeError: module 'baostock' has no attribute 'query_stock_new'
2025-08-24 02:40:11,689 - data_fix - ERROR - AkShare 不支持任何可转债接口
2025-08-24 02:40:12,137 - data_fix - ERROR - 测试模式: Baostock获取新股信息失败: module 'baostock' has no attribute 'query_stock_new'
Traceback (most recent call last):
  File "/home/runner/work/etf-strategy/etf-strategy/data_fix.py", line 262, in get_new_stock_subscriptions
    rs = bs.query_stock_new()
AttributeError: module 'baostock' has no attribute 'query_stock_new'
2025-08-24 02:40:27,984 - data_fix - ERROR - AkShare 不支持任何可转债接口
2025-08-24 02:40:28,442 - data_fix - ERROR - 测试模式: Baostock获取新股信息失败: module 'baostock' has no attribute 'query_stock_new'
Traceback (most recent call last):
  File "/home/runner/work/etf-strategy/etf-strategy/data_fix.py", line 262, in get_new_stock_subscriptions
    rs = bs.query_stock_new()
AttributeError: module 'baostock' has no attribute 'query_stock_new'
2025-08-24 02:41:01,935 - data_fix - ERROR - AkShare 不支持任何可转债接口
2025-08-24 02:41:02,388 - data_fix - ERROR - 测试模式: Baostock获取新股信息失败: module 'baostock' has no attribute 'query_stock_new'
Traceback (most recent call last):
  File "/home/runner/work/etf-strategy/etf-strategy/data_fix.py", line 262, in get_new_stock_subscriptions
    rs = bs.query_stock_new()
AttributeError: module 'baostock' has no attribute 'query_stock_new'
2025-08-24 02:41:35,004 - data_fix - ERROR - AkShare 不支持任何可转债接口
2025-08-24 02:41:35,454 - data_fix - ERROR - 测试模式: Baostock获取新股信息失败: module 'baostock' has no attribute 'query_stock_new'
Traceback (most recent call last):
  File "/home/runner/work/etf-strategy/etf-strategy/data_fix.py", line 262, in get_new_stock_subscriptions
    rs = bs.query_stock_new()
AttributeError: module 'baostock' has no attribute 'query_stock_new'
2025-08-24 02:57:31,733 - data_fix - ERROR - AkShare版本过旧，不支持可转债数据接口
2025-08-24 02:57:32,390 - data_fix - ERROR - Baostock 不支持 query_new_stocks 接口
2025-08-24 02:57:32,390 - data_fix - ERROR - 测试模式: Baostock获取新股信息失败: Baostock 接口不支持
Traceback (most recent call last):
  File "/home/runner/work/etf-strategy/etf-strategy/data_fix.py", line 298, in get_new_stock_subscriptions
    raise Exception("Baostock 接口不支持")
Exception: Baostock 接口不支持
2025-08-24 02:58:00,829 - data_fix - ERROR - AkShare版本过旧，不支持可转债数据接口
2025-08-24 02:58:01,152 - data_fix - ERROR - Baostock 不支持 query_new_stocks 接口
2025-08-24 02:58:01,152 - data_fix - ERROR - 测试模式: Baostock获取新股信息失败: Baostock 接口不支持
Traceback (most recent call last):
  File "/home/runner/work/etf-strategy/etf-strategy/data_fix.py", line 298, in get_new_stock_subscriptions
    raise Exception("Baostock 接口不支持")
Exception: Baostock 接口不支持
2025-08-24 02:58:24,075 - data_fix - ERROR - AkShare版本过旧，不支持可转债数据接口
2025-08-24 02:58:24,396 - data_fix - ERROR - Baostock 不支持 query_new_stocks 接口
2025-08-24 02:58:24,397 - data_fix - ERROR - 测试模式: Baostock获取新股信息失败: Baostock 接口不支持
Traceback (most recent call last):
  File "/home/runner/work/etf-strategy/etf-strategy/data_fix.py", line 298, in get_new_stock_subscriptions
    raise Exception("Baostock 接口不支持")
Exception: Baostock 接口不支持
2025-08-24 02:58:40,957 - data_fix - ERROR - AkShare版本过旧，不支持可转债数据接口
2025-08-24 02:58:41,385 - data_fix - ERROR - Baostock 不支持 query_new_stocks 接口
2025-08-24 02:58:41,385 - data_fix - ERROR - 测试模式: Baostock获取新股信息失败: Baostock 接口不支持
Traceback (most recent call last):
  File "/home/runner/work/etf-strategy/etf-strategy/data_fix.py", line 298, in get_new_stock_subscriptions
    raise Exception("Baostock 接口不支持")
Exception: Baostock 接口不支持
2025-08-24 02:58:50,990 - data_fix - ERROR - AkShare版本过旧，不支持可转债数据接口
2025-08-24 02:58:51,312 - data_fix - ERROR - Baostock 不支持 query_new_stocks 接口
2025-08-24 02:58:51,312 - data_fix - ERROR - 测试模式: Baostock获取新股信息失败: Baostock 接口不支持
Traceback (most recent call last):
  File "/home/runner/work/etf-strategy/etf-strategy/data_fix.py", line 298, in get_new_stock_subscriptions
    raise Exception("Baostock 接口不支持")
Exception: Baostock 接口不支持
2025-08-24 03:03:15,167 - data_fix - ERROR - AkShare版本过旧，不支持可转债数据接口
2025-08-24 03:03:28,147 - data_fix - ERROR - AkShare版本过旧，不支持可转债数据接口
2025-08-24 03:06:15,918 - data_fix - ERROR - 【数据错误】sh.588940日线数据缺失
2025-08-24 03:06:17,307 - __main__ - ERROR - 【数据错误】【数据错误】sh.588940日线数据缺失
2025-08-24 12:38:50,248 - data_fix - ERROR - AkShare版本过旧，不支持可转债数据接口
2025-08-24 12:39:18,367 - data_fix - ERROR - AkShare版本过旧，不支持可转债数据接口
2025-08-24 12:39:37,843 - data_fix - ERROR - AkShare版本过旧，不支持可转债数据接口
2025-08-24 12:39:54,554 - data_fix - ERROR - AkShare版本过旧，不支持可转债数据接口
2025-08-24 12:40:11,166 - data_fix - ERROR - AkShare版本过旧，不支持可转债数据接口
2025-08-24 12:41:51,611 - data_fix - ERROR - AkShare版本过旧，不支持可转债数据接口
2025-08-24 12:42:07,044 - data_fix - ERROR - AkShare版本过旧，不支持可转债数据接口
2025-08-24 12:45:36,484 - data_fix - ERROR - 【数据错误】sh.588940日线数据缺失
2025-08-24 12:45:37,572 - __main__ - ERROR - 【数据错误】【数据错误】sh.588940日线数据缺失
