2025-08-21 02:15:21,386 - data_fix - ERROR - AkShare返回数据缺少必要列
2025-08-21 02:15:21,386 - data_fix - ERROR - AkShare获取ETF列表失败: 数据格式不匹配
2025-08-21 02:15:29,489 - data_fix - ERROR - 聚宽获取ETF列表失败: 'code'
2025-08-21 02:15:29,489 - data_fix - ERROR - 所有数据源均无法获取ETF列表，使用默认ETF列表
2025-08-21 02:15:57,776 - data_fix - ERROR - AkShare返回空数据 sh.512888
2025-08-21 02:15:58,225 - data_fix - ERROR - Baostock查询失败: 股票代码应为9位，请检查。格式示例：sh.600000。
2025-08-21 02:16:01,421 - data_fix - ERROR - 聚宽获取数据失败 sh.512888: 您的账号权限仅能获取2024-05-13至2025-05-20的数据，请调整时间参数后重试。如需更长时间的数据范围，可联系运营咨询采购
2025-08-21 03:46:06,983 - data_fix - ERROR - AkShare返回数据缺少必要列
2025-08-21 03:46:06,983 - data_fix - ERROR - AkShare获取ETF列表失败: 数据格式不匹配
2025-08-21 03:46:12,891 - data_fix - ERROR - 聚宽获取ETF列表失败: 'code'
2025-08-21 03:46:12,891 - data_fix - ERROR - 所有数据源均无法获取ETF列表，使用默认ETF列表
2025-08-21 03:46:13,818 - __main__ - ERROR - 更新套利状态失败: name 'json' is not defined
2025-08-21 04:52:46,047 - data_fix - ERROR - AkShare返回数据缺少必要列
2025-08-21 04:52:46,047 - data_fix - ERROR - AkShare获取ETF列表失败: 数据格式不匹配
2025-08-21 04:52:56,161 - data_fix - ERROR - 聚宽获取ETF列表失败: 'code'
2025-08-21 04:52:56,161 - data_fix - ERROR - 所有数据源均无法获取ETF列表，使用默认ETF列表
2025-08-21 04:52:57,513 - __main__ - ERROR - 更新套利状态失败: name 'json' is not defined
2025-08-21 05:48:04,563 - data_fix - ERROR - AkShare返回数据缺少必要列
2025-08-21 05:48:04,564 - data_fix - ERROR - AkShare获取ETF列表失败: 数据格式不匹配
2025-08-21 05:48:12,864 - data_fix - ERROR - 聚宽获取ETF列表失败: 'code'
2025-08-21 05:48:12,865 - data_fix - ERROR - 所有数据源均无法获取ETF列表，使用默认ETF列表
2025-08-21 05:48:13,913 - __main__ - ERROR - 更新套利状态失败: name 'json' is not defined
2025-08-21 05:49:17,710 - data_fix - ERROR - AkShare返回数据缺少必要列
2025-08-21 05:49:17,710 - data_fix - ERROR - AkShare获取ETF列表失败: 数据格式不匹配
2025-08-21 05:49:25,849 - data_fix - ERROR - 聚宽获取ETF列表失败: 'code'
2025-08-21 05:49:25,849 - data_fix - ERROR - 所有数据源均无法获取ETF列表，使用默认ETF列表
2025-08-21 05:49:57,815 - data_fix - ERROR - AkShare返回空数据 sh.512888
2025-08-21 05:49:58,149 - data_fix - ERROR - Baostock查询失败: 股票代码应为9位，请检查。格式示例：sh.600000。
2025-08-21 05:50:01,457 - data_fix - ERROR - 聚宽获取数据失败 sh.512888: 您的账号权限仅能获取2024-05-13至2025-05-20的数据，请调整时间参数后重试。如需更长时间的数据范围，可联系运营咨询采购
2025-08-21 05:50:01,492 - __main__ - ERROR - 股票池生成失败: 'name'
2025-08-21 05:50:01,492 - __main__ - ERROR - 股票池为空，无法生成策略信号
2025-08-21 08:55:41,751 - data_fix - ERROR - AkShare返回数据缺少必要列
2025-08-21 09:18:36,860 - data_fix - ERROR - AkShare返回数据缺少必要列
2025-08-21 12:04:53,932 - data_fix - ERROR - 新浪财经获取2025-08-21新股信息失败: list indices must be integers or slices, not str
2025-08-21 12:05:04,407 - data_fix - ERROR - 新浪财经获取2025-08-20新股信息失败: list indices must be integers or slices, not str
2025-08-21 12:05:26,167 - data_fix - ERROR - 新浪财经获取2025-08-19新股信息失败: list indices must be integers or slices, not str
2025-08-21 12:05:58,051 - data_fix - ERROR - 新浪财经获取2025-08-18新股信息失败: list indices must be integers or slices, not str
2025-08-21 12:06:24,621 - data_fix - ERROR - 新浪财经获取2025-08-17新股信息失败: list indices must be integers or slices, not str
2025-08-21 12:06:43,087 - data_fix - ERROR - 新浪财经获取2025-08-16新股信息失败: list indices must be integers or slices, not str
2025-08-21 12:06:59,211 - data_fix - ERROR - 新浪财经获取2025-08-15新股信息失败: list indices must be integers or slices, not str
2025-08-21 12:07:50,914 - data_fix - ERROR - 新浪财经获取2025-08-14新股信息失败: list indices must be integers or slices, not str
2025-08-21 12:08:03,258 - data_fix - ERROR - 新浪财经获取2025-08-13新股信息失败: list indices must be integers or slices, not str
2025-08-21 12:08:20,667 - data_fix - ERROR - 新浪财经获取2025-08-12新股信息失败: list indices must be integers or slices, not str
2025-08-21 12:08:33,567 - data_fix - ERROR - 新浪财经获取2025-08-11新股信息失败: list indices must be integers or slices, not str
2025-08-21 12:08:49,597 - data_fix - ERROR - 新浪财经获取2025-08-10新股信息失败: list indices must be integers or slices, not str
2025-08-21 12:09:05,932 - data_fix - ERROR - 新浪财经获取2025-08-09新股信息失败: list indices must be integers or slices, not str
2025-08-21 12:09:28,792 - data_fix - ERROR - 新浪财经获取2025-08-08新股信息失败: list indices must be integers or slices, not str
2025-08-21 12:09:41,084 - data_fix - ERROR - 新浪财经获取2025-08-07新股信息失败: list indices must be integers or slices, not str
2025-08-21 12:09:57,337 - data_fix - ERROR - 新浪财经获取2025-08-06新股信息失败: list indices must be integers or slices, not str
2025-08-21 12:10:05,971 - data_fix - ERROR - 新浪财经获取2025-08-05新股信息失败: list indices must be integers or slices, not str
2025-08-21 12:10:21,002 - data_fix - ERROR - 新浪财经获取2025-08-04新股信息失败: list indices must be integers or slices, not str
2025-08-21 12:10:38,839 - data_fix - ERROR - 新浪财经获取2025-08-03新股信息失败: list indices must be integers or slices, not str
2025-08-21 12:11:11,555 - data_fix - ERROR - 新浪财经获取2025-08-02新股信息失败: list indices must be integers or slices, not str
2025-08-21 12:11:30,827 - data_fix - ERROR - 新浪财经获取2025-08-01新股信息失败: list indices must be integers or slices, not str
2025-08-21 12:11:42,142 - data_fix - ERROR - 新浪财经获取2025-07-31新股信息失败: list indices must be integers or slices, not str
2025-08-21 13:48:27,001 - data_fix - ERROR - AkShare获取2025-08-21可转债申购信息失败: module 'akshare' has no attribute 'bond_cb_issue'
